<?xml version="1.0" encoding="UTF-8"?>
<!-- Generated by org.testng.reporters.JUnitReportReporter -->
<testsuite hostname="KTP-RLT-KIT032" failures="0" tests="1" name="test.logintest" time="2.549" errors="0" timestamp="2024-03-26T12:30:57 IST" skipped="0">
  <testcase classname="test.logintest" name="testSwagLabsLogin" time="2.549"/>
</testsuite> <!-- test.logintest -->
